<?xml version="1.0" encoding="UTF-8"?>
<testsuite xmlns:xsi="http://www.w3.org/2001/XMLSchema-instance" xsi:noNamespaceSchemaLocation="https://maven.apache.org/surefire/maven-surefire-plugin/xsd/surefire-test-report-3.0.xsd" version="3.0" name="TestMain" time="0.049" tests="11" errors="0" skipped="0" failures="0">
  <properties>
    <property name="java.specification.version" value="21"/>
    <property name="sun.jnu.encoding" value="UTF-8"/>
    <property name="java.class.path" value="/Users/ziadagha/Documents/GitHub/Fish-Ai/MagnetAi/target/test-classes:/Users/ziadagha/.m2/repository/org/mockito/mockito-inline/5.2.0/mockito-inline-5.2.0.jar:/Users/ziadagha/.m2/repository/org/mockito/mockito-core/5.2.0/mockito-core-5.2.0.jar:/Users/ziadagha/.m2/repository/net/bytebuddy/byte-buddy/1.14.1/byte-buddy-1.14.1.jar:/Users/ziadagha/.m2/repository/net/bytebuddy/byte-buddy-agent/1.14.1/byte-buddy-agent-1.14.1.jar:/Users/ziadagha/.m2/repository/org/objenesis/objenesis/3.3/objenesis-3.3.jar:/Users/ziadagha/.m2/repository/org/mockito/mockito-junit-jupiter/5.2.0/mockito-junit-jupiter-5.2.0.jar:/Users/ziadagha/.m2/repository/org/openjfx/javafx-controls/21-ea+5/javafx-controls-21-ea+5.jar:/Users/ziadagha/.m2/repository/org/openjfx/javafx-graphics/21-ea+5/javafx-graphics-21-ea+5.jar:/Users/ziadagha/.m2/repository/org/openjfx/javafx-base/21-ea+5/javafx-base-21-ea+5.jar:/Users/ziadagha/.m2/repository/org/openjfx/javafx-fxml/21-ea+5/javafx-fxml-21-ea+5.jar:/Users/ziadagha/.m2/repository/org/projectlombok/lombok/1.18.30/lombok-1.18.30.jar:/Users/ziadagha/.m2/repository/org/junit/jupiter/junit-jupiter-api/5.9.2/junit-jupiter-api-5.9.2.jar:/Users/ziadagha/.m2/repository/org/opentest4j/opentest4j/1.2.0/opentest4j-1.2.0.jar:/Users/ziadagha/.m2/repository/org/junit/platform/junit-platform-commons/1.9.2/junit-platform-commons-1.9.2.jar:/Users/ziadagha/.m2/repository/org/apiguardian/apiguardian-api/1.1.2/apiguardian-api-1.1.2.jar:/Users/ziadagha/.m2/repository/org/junit/jupiter/junit-jupiter-engine/5.9.2/junit-jupiter-engine-5.9.2.jar:/Users/ziadagha/.m2/repository/org/junit/platform/junit-platform-engine/1.9.2/junit-platform-engine-1.9.2.jar:"/>
    <property name="java.vm.vendor" value="Oracle Corporation"/>
    <property name="sun.arch.data.model" value="64"/>
    <property name="java.vendor.url" value="https://java.oracle.com/"/>
    <property name="user.timezone" value="America/Toronto"/>
    <property name="os.name" value="Mac OS X"/>
    <property name="java.vm.specification.version" value="21"/>
    <property name="sun.java.launcher" value="SUN_STANDARD"/>
    <property name="user.country" value="CA"/>
    <property name="sun.boot.library.path" value="/Users/ziadagha/Library/Java/JavaVirtualMachines/graalvm-jdk-21.0.2/Contents/Home/lib"/>
    <property name="sun.java.command" value="org.apache.maven.surefire.booter.ForkedBooter /Users/ziadagha/Documents/GitHub/Fish-Ai/MagnetAi/target/surefire 2024-05-04T02-10-59_887-jvmRun1 surefire-20240504021100030_1tmp surefire_0-20240504021100030_2tmp"/>
    <property name="http.nonProxyHosts" value="local|*.local|169.254/16|*.169.254/16"/>
    <property name="jdk.debug" value="release"/>
    <property name="surefire.test.class.path" value="/Users/ziadagha/Documents/GitHub/Fish-Ai/MagnetAi/target/test-classes:/Users/ziadagha/.m2/repository/org/mockito/mockito-inline/5.2.0/mockito-inline-5.2.0.jar:/Users/ziadagha/.m2/repository/org/mockito/mockito-core/5.2.0/mockito-core-5.2.0.jar:/Users/ziadagha/.m2/repository/net/bytebuddy/byte-buddy/1.14.1/byte-buddy-1.14.1.jar:/Users/ziadagha/.m2/repository/net/bytebuddy/byte-buddy-agent/1.14.1/byte-buddy-agent-1.14.1.jar:/Users/ziadagha/.m2/repository/org/objenesis/objenesis/3.3/objenesis-3.3.jar:/Users/ziadagha/.m2/repository/org/mockito/mockito-junit-jupiter/5.2.0/mockito-junit-jupiter-5.2.0.jar:/Users/ziadagha/.m2/repository/org/openjfx/javafx-controls/21-ea+5/javafx-controls-21-ea+5.jar:/Users/ziadagha/.m2/repository/org/openjfx/javafx-graphics/21-ea+5/javafx-graphics-21-ea+5.jar:/Users/ziadagha/.m2/repository/org/openjfx/javafx-base/21-ea+5/javafx-base-21-ea+5.jar:/Users/ziadagha/.m2/repository/org/openjfx/javafx-fxml/21-ea+5/javafx-fxml-21-ea+5.jar:/Users/ziadagha/.m2/repository/org/projectlombok/lombok/1.18.30/lombok-1.18.30.jar:/Users/ziadagha/.m2/repository/org/junit/jupiter/junit-jupiter-api/5.9.2/junit-jupiter-api-5.9.2.jar:/Users/ziadagha/.m2/repository/org/opentest4j/opentest4j/1.2.0/opentest4j-1.2.0.jar:/Users/ziadagha/.m2/repository/org/junit/platform/junit-platform-commons/1.9.2/junit-platform-commons-1.9.2.jar:/Users/ziadagha/.m2/repository/org/apiguardian/apiguardian-api/1.1.2/apiguardian-api-1.1.2.jar:/Users/ziadagha/.m2/repository/org/junit/jupiter/junit-jupiter-engine/5.9.2/junit-jupiter-engine-5.9.2.jar:/Users/ziadagha/.m2/repository/org/junit/platform/junit-platform-engine/1.9.2/junit-platform-engine-1.9.2.jar:"/>
    <property name="sun.cpu.endian" value="little"/>
    <property name="user.home" value="/Users/ziadagha"/>
    <property name="user.language" value="en"/>
    <property name="java.specification.vendor" value="Oracle Corporation"/>
    <property name="jdk.module.path" value="/Users/ziadagha/Documents/GitHub/Fish-Ai/MagnetAi/target/classes:/Users/ziadagha/.m2/repository/org/openjfx/javafx-controls/21-ea+5/javafx-controls-21-ea+5-mac-aarch64.jar:/Users/ziadagha/.m2/repository/org/openjfx/javafx-graphics/21-ea+5/javafx-graphics-21-ea+5-mac-aarch64.jar:/Users/ziadagha/.m2/repository/org/openjfx/javafx-base/21-ea+5/javafx-base-21-ea+5-mac-aarch64.jar:/Users/ziadagha/.m2/repository/org/openjfx/javafx-fxml/21-ea+5/javafx-fxml-21-ea+5-mac-aarch64.jar"/>
    <property name="java.version.date" value="2024-01-16"/>
    <property name="java.home" value="/Users/ziadagha/Library/Java/JavaVirtualMachines/graalvm-jdk-21.0.2/Contents/Home"/>
    <property name="file.separator" value="/"/>
    <property name="basedir" value="/Users/ziadagha/Documents/GitHub/Fish-Ai/MagnetAi"/>
    <property name="java.vm.compressedOopsMode" value="Zero based"/>
    <property name="jdk.internal.vm.ci.enabled" value="true"/>
    <property name="line.separator" value="&#10;"/>
    <property name="java.vm.specification.vendor" value="Oracle Corporation"/>
    <property name="java.specification.name" value="Java Platform API Specification"/>
    <property name="apple.awt.application.name" value="ForkedBooter"/>
    <property name="surefire.real.class.path" value="/Users/ziadagha/.m2/repository/org/apache/maven/surefire/surefire-api/3.1.2/surefire-api-3.1.2.jar:/Users/ziadagha/.m2/repository/org/apache/maven/surefire/surefire-booter/3.1.2/surefire-booter-3.1.2.jar:/Users/ziadagha/.m2/repository/org/apache/maven/surefire/surefire-extensions-spi/3.1.2/surefire-extensions-spi-3.1.2.jar:/Users/ziadagha/.m2/repository/org/apache/maven/surefire/surefire-logger-api/3.1.2/surefire-logger-api-3.1.2.jar:/Users/ziadagha/.m2/repository/org/apache/maven/surefire/surefire-shared-utils/3.1.2/surefire-shared-utils-3.1.2.jar:/Users/ziadagha/Documents/GitHub/Fish-Ai/MagnetAi/target/test-classes:/Users/ziadagha/.m2/repository/org/mockito/mockito-inline/5.2.0/mockito-inline-5.2.0.jar:/Users/ziadagha/.m2/repository/org/mockito/mockito-core/5.2.0/mockito-core-5.2.0.jar:/Users/ziadagha/.m2/repository/net/bytebuddy/byte-buddy/1.14.1/byte-buddy-1.14.1.jar:/Users/ziadagha/.m2/repository/net/bytebuddy/byte-buddy-agent/1.14.1/byte-buddy-agent-1.14.1.jar:/Users/ziadagha/.m2/repository/org/objenesis/objenesis/3.3/objenesis-3.3.jar:/Users/ziadagha/.m2/repository/org/mockito/mockito-junit-jupiter/5.2.0/mockito-junit-jupiter-5.2.0.jar:/Users/ziadagha/.m2/repository/org/openjfx/javafx-controls/21-ea+5/javafx-controls-21-ea+5.jar:/Users/ziadagha/.m2/repository/org/openjfx/javafx-graphics/21-ea+5/javafx-graphics-21-ea+5.jar:/Users/ziadagha/.m2/repository/org/openjfx/javafx-base/21-ea+5/javafx-base-21-ea+5.jar:/Users/ziadagha/.m2/repository/org/openjfx/javafx-fxml/21-ea+5/javafx-fxml-21-ea+5.jar:/Users/ziadagha/.m2/repository/org/projectlombok/lombok/1.18.30/lombok-1.18.30.jar:/Users/ziadagha/.m2/repository/org/junit/jupiter/junit-jupiter-api/5.9.2/junit-jupiter-api-5.9.2.jar:/Users/ziadagha/.m2/repository/org/opentest4j/opentest4j/1.2.0/opentest4j-1.2.0.jar:/Users/ziadagha/.m2/repository/org/junit/platform/junit-platform-commons/1.9.2/junit-platform-commons-1.9.2.jar:/Users/ziadagha/.m2/repository/org/apiguardian/apiguardian-api/1.1.2/apiguardian-api-1.1.2.jar:/Users/ziadagha/.m2/repository/org/junit/jupiter/junit-jupiter-engine/5.9.2/junit-jupiter-engine-5.9.2.jar:/Users/ziadagha/.m2/repository/org/junit/platform/junit-platform-engine/1.9.2/junit-platform-engine-1.9.2.jar:/Users/ziadagha/.m2/repository/org/apache/maven/surefire/surefire-junit-platform/3.1.2/surefire-junit-platform-3.1.2.jar:/Users/ziadagha/.m2/repository/org/apache/maven/surefire/common-java5/3.1.2/common-java5-3.1.2.jar:/Users/ziadagha/.m2/repository/org/junit/platform/junit-platform-launcher/1.9.2/junit-platform-launcher-1.9.2.jar"/>
    <property name="sun.management.compiler" value="HotSpot 64-Bit Tiered Compilers"/>
    <property name="ftp.nonProxyHosts" value="local|*.local|169.254/16|*.169.254/16"/>
    <property name="java.runtime.version" value="21.0.2+13-LTS-jvmci-23.1-b30"/>
    <property name="user.name" value="ziadagha"/>
    <property name="stdout.encoding" value="UTF-8"/>
    <property name="path.separator" value=":"/>
    <property name="os.version" value="14.3.1"/>
    <property name="java.runtime.name" value="Java(TM) SE Runtime Environment"/>
    <property name="file.encoding" value="UTF-8"/>
    <property name="java.vm.name" value="Java HotSpot(TM) 64-Bit Server VM"/>
    <property name="java.vendor.version" value="Oracle GraalVM 21.0.2+13.1"/>
    <property name="localRepository" value="/Users/ziadagha/.m2/repository"/>
    <property name="java.vendor.url.bug" value="https://bugreport.java.com/bugreport/"/>
    <property name="java.io.tmpdir" value="/var/folders/mj/qjcdhr1d3_7f4ntzccftnljm0000gn/T/"/>
    <property name="idea.version" value="2023.3.3"/>
    <property name="java.version" value="21.0.2"/>
    <property name="user.dir" value="/Users/ziadagha/Documents/GitHub/Fish-Ai/MagnetAi"/>
    <property name="os.arch" value="aarch64"/>
    <property name="java.vm.specification.name" value="Java Virtual Machine Specification"/>
    <property name="native.encoding" value="UTF-8"/>
    <property name="java.library.path" value="/Users/ziadagha/Library/Java/Extensions:/Library/Java/Extensions:/Network/Library/Java/Extensions:/System/Library/Java/Extensions:/usr/lib/java:."/>
    <property name="java.vm.info" value="mixed mode"/>
    <property name="stderr.encoding" value="UTF-8"/>
    <property name="java.vendor" value="Oracle Corporation"/>
    <property name="java.vm.version" value="21.0.2+13-LTS-jvmci-23.1-b30"/>
    <property name="sun.io.unicode.encoding" value="UnicodeBig"/>
    <property name="socksNonProxyHosts" value="local|*.local|169.254/16|*.169.254/16"/>
    <property name="java.class.version" value="65.0"/>
  </properties>
  <testcase name="testReLU" classname="TestMain" time="0.015"/>
  <testcase name="testTanh" classname="TestMain" time="0.001"/>
  <testcase name="testCrossProduct1" classname="TestMain" time="0.003"/>
  <testcase name="testCrossProduct2" classname="TestMain" time="0.0"/>
  <testcase name="testCrossProduct3" classname="TestMain" time="0.007"/>
  <testcase name="testMultiplyVectors1" classname="TestMain" time="0.001"/>
  <testcase name="testMultiplyVectors2" classname="TestMain" time="0.0"/>
  <testcase name="testMultiplyVectors3" classname="TestMain" time="0.0"/>
  <testcase name="testCalcFinalVelocity1" classname="TestMain" time="0.0"/>
  <testcase name="testCalcFinalVelocity2" classname="TestMain" time="0.0"/>
  <testcase name="testSigmoid" classname="TestMain" time="0.001"/>
</testsuite>